#
# There is insufficient memory for the Java Runtime Environment to continue.
# Native memory allocation (malloc) failed to allocate 32744 bytes for ChunkPool::allocate
# Possible reasons:
#   The system is out of physical RAM or swap space
#   The process is running with CompressedOops enabled, and the Java Heap may be blocking the growth of the native heap
# Possible solutions:
#   Reduce memory load on the system
#   Increase physical memory or swap space
#   Check if swap backing store is full
#   Decrease Java heap size (-Xmx/-Xms)
#   Decrease number of Java threads
#   Decrease Java thread stack sizes (-Xss)
#   Set larger code cache with -XX:ReservedCodeCacheSize=
#   JVM is running with Unscaled Compressed Oops mode in which the Java heap is
#     placed in the first 4GB address space. The Java Heap base address is the
#     maximum limit for the native heap growth. Please use -XX:HeapBaseMinAddress
#     to set the Java Heap base and to place the Java Heap above 4GB virtual address.
# This output file may be truncated or incomplete.
#
#  Out of Memory Error (allocation.cpp:272), pid=5988, tid=0x000000000000274c
#
# JRE version: OpenJDK Runtime Environment (8.0_242-b01) (build 1.8.0_242-release-1644-b01)
# Java VM: OpenJDK 64-Bit Server VM (25.242-b01 mixed mode windows-amd64 compressed oops)
# Failed to write core dump. Minidumps are not enabled by default on client versions of Windows
#

---------------  T H R E A D  ---------------

Current thread (0x0000000016c76800):  JavaThread "C2 CompilerThread0" daemon [_thread_in_native, id=10060, stack(0x00000000182c0000,0x00000000183c0000)]

Stack: [0x00000000182c0000,0x00000000183c0000]
[error occurred during error reporting (printing stack bounds), id 0xc0000005]

Native frames: (J=compiled Java code, j=interpreted, Vv=VM code, C=native code)


Current CompileTask:
C2:3583008 16982       4       org.gradle.api.internal.artifacts.transform.AttributeMatchingVariantSelector::doSelect (422 bytes)


---------------  P R O C E S S  ---------------

Java Threads: ( => current thread )
  0x0000000023129000 JavaThread "WorkerExecutor Queue Thread 4" [_thread_blocked, id=1308, stack(0x0000000026890000,0x0000000026990000)]
  0x000000001e832000 JavaThread "WorkerExecutor Queue Thread 3" [_thread_in_Java, id=1200, stack(0x0000000026790000,0x0000000026890000)]
  0x000000001e82f000 JavaThread "Cache worker for Java compile cache (E:\Skripsi\project android\SkripsiProject\SkripsiProject\.gradle\6.1.1\javaCompile)" [_thread_blocked, id=7724, stack(0x0000000026090000,0x0000000026190000)]
  0x000000001e82e800 JavaThread "Cache worker for Java compile cache (C:\Users\Bismillah\.gradle\wrapper\dists\gradle-6.1.1-all\caches\6.1.1\javaCompile)" [_thread_blocked, id=12592, stack(0x0000000025f90000,0x0000000026090000)]
  0x000000001e833800 JavaThread "WorkerExecutor Queue Thread 2" [_thread_blocked, id=6508, stack(0x0000000025e90000,0x0000000025f90000)]
  0x000000001e82d800 JavaThread "stdout" [_thread_in_native, id=6708, stack(0x0000000025b90000,0x0000000025c90000)]
  0x000000001e82d000 JavaThread "stderr" [_thread_in_native, id=2344, stack(0x0000000025a90000,0x0000000025b90000)]
  0x000000001e833000 JavaThread "pool-4-thread-1" [_thread_blocked, id=856, stack(0x0000000025840000,0x0000000025940000)]
  0x000000001a5d6800 JavaThread "WorkerExecutor Queue" [_thread_blocked, id=7768, stack(0x0000000025160000,0x0000000025260000)]
  0x000000001ad69800 JavaThread "Cache worker for execution history cache (E:\Skripsi\project android\SkripsiProject\SkripsiProject\.gradle\6.1.1\executionHistory)" [_thread_blocked, id=10924, stack(0x0000000025060000,0x0000000025160000)]
  0x000000001ad69000 JavaThread "Execution worker for ':' Thread 3" [_thread_in_native, id=6856, stack(0x0000000025540000,0x0000000025640000)]
  0x000000001ad68000 JavaThread "Execution worker for ':' Thread 2" [_thread_blocked, id=7576, stack(0x0000000025440000,0x0000000025540000)]
  0x000000001ad6a800 JavaThread "Execution worker for ':'" [_thread_blocked, id=2984, stack(0x0000000025340000,0x0000000025440000)]
  0x000000001ad66800 JavaThread "Cache worker for file content cache (E:\Skripsi\project android\SkripsiProject\SkripsiProject\.gradle\6.1.1\fileContent)" [_thread_blocked, id=8400, stack(0x0000000024f60000,0x0000000025060000)]
  0x0000000023129800 JavaThread "Cache worker for file content cache (C:\Users\Bismillah\.gradle\wrapper\dists\gradle-6.1.1-all\caches\6.1.1\fileContent)" [_thread_blocked, id=2756, stack(0x0000000024e60000,0x0000000024f60000)]
  0x0000000023130800 JavaThread "Memory manager" [_thread_blocked, id=2548, stack(0x0000000024d60000,0x0000000024e60000)]
  0x000000002312f000 JavaThread "Cache worker for Build Output Cleanup Cache (E:\Skripsi\project android\SkripsiProject\SkripsiProject\.gradle\buildOutputCleanup)" [_thread_blocked, id=12048, stack(0x0000000022bc0000,0x0000000022cc0000)]
  0x000000002312e000 JavaThread "pool-3-thread-1" [_thread_blocked, id=11780, stack(0x00000000220c0000,0x00000000221c0000)]
  0x000000002312d800 JavaThread "Build operations Thread 4" [_thread_blocked, id=3616, stack(0x0000000021dc0000,0x0000000021ec0000)]
  0x000000002312c800 JavaThread "Build operations Thread 3" [_thread_blocked, id=10564, stack(0x00000000218c0000,0x00000000219c0000)]
  0x000000002312c000 JavaThread "Build operations Thread 2" [_thread_blocked, id=1148, stack(0x00000000213c0000,0x00000000214c0000)]
  0x000000002312b000 JavaThread "Build operations" [_thread_blocked, id=860, stack(0x00000000203c0000,0x00000000204c0000)]
  0x000000002312f800 JavaThread "Cache worker for cache directory md-rule (C:\Users\Bismillah\.gradle\wrapper\dists\gradle-6.1.1-all\caches\6.1.1\md-rule)" [_thread_blocked, id=10256, stack(0x00000000200c0000,0x00000000201c0000)]
  0x000000002312a800 JavaThread "Cache worker for cache directory md-supplier (C:\Users\Bismillah\.gradle\wrapper\dists\gradle-6.1.1-all\caches\6.1.1\md-supplier)" [_thread_blocked, id=12104, stack(0x000000001ef80000,0x000000001f080000)]
  0x0000000023121800 JavaThread "Cache worker for file hash cache (E:\Skripsi\project android\SkripsiProject\SkripsiProject\.gradle\6.1.1\fileHashes)" [_thread_blocked, id=4580, stack(0x000000001ec80000,0x000000001ed80000)]
  0x0000000023128000 JavaThread "Cache worker for checksums cache (E:\Skripsi\project android\SkripsiProject\SkripsiProject\.gradle\checksums)" [_thread_blocked, id=5280, stack(0x000000001c4e0000,0x000000001c5e0000)]
  0x0000000023127800 JavaThread "Thread-28" [_thread_blocked, id=9224, stack(0x000000001c1e0000,0x000000001c2e0000)]
  0x0000000023126000 JavaThread "Asynchronous log dispatcher for DefaultDaemonConnection: socket connection from /127.0.0.1:51383 to /127.0.0.1:51780" [_thread_blocked, id=5600, stack(0x000000001bde0000,0x000000001bee0000)]
  0x0000000023124800 JavaThread "Daemon worker Thread 2" [_thread_blocked, id=7072, stack(0x000000001bce0000,0x000000001bde0000)]
  0x0000000023122000 JavaThread "Cancel handler" [_thread_blocked, id=9236, stack(0x0000000003000000,0x0000000003100000)]
  0x0000000023125000 JavaThread "Handler for socket connection from /127.0.0.1:51383 to /127.0.0.1:51780" [_thread_in_native, id=11928, stack(0x0000000001600000,0x0000000001700000)]
  0x0000000023123000 JavaThread "Daemon Thread 2" [_thread_blocked, id=9352, stack(0x0000000001500000,0x0000000001600000)]
  0x000000001a5d4800 JavaThread "Cache worker for execution history cache (C:\Users\Bismillah\.gradle\wrapper\dists\gradle-6.1.1-all\caches\6.1.1\executionHistory)" [_thread_blocked, id=10520, stack(0x00000000204c0000,0x00000000205c0000)]
  0x000000001a5d9000 JavaThread "Cache worker for file hash cache (C:\Users\Bismillah\.gradle\wrapper\dists\gradle-6.1.1-all\caches\6.1.1\fileHashes)" [_thread_blocked, id=8696, stack(0x000000001c9e0000,0x000000001cae0000)]
  0x000000001a38e000 JavaThread "File lock request listener" [_thread_in_native, id=7996, stack(0x000000001c8e0000,0x000000001c9e0000)]
  0x000000001a4af800 JavaThread "Cache worker for journal cache (C:\Users\Bismillah\.gradle\wrapper\dists\gradle-6.1.1-all\caches\journal-1)" [_thread_blocked, id=8252, stack(0x000000001c7e0000,0x000000001c8e0000)]
  0x000000001a41a000 JavaThread "Daemon periodic checks" [_thread_blocked, id=8200, stack(0x000000001bbe0000,0x000000001bce0000)]
  0x000000001a375800 JavaThread "Incoming local TCP Connector on port 51383" [_thread_in_native, id=12352, stack(0x000000001b9a0000,0x000000001baa0000)]
  0x000000001a32f800 JavaThread "Daemon health stats" [_thread_blocked, id=8344, stack(0x000000001b360000,0x000000001b460000)]
  0x00000000185f0800 JavaThread "Service Thread" daemon [_thread_blocked, id=11012, stack(0x00000000189c0000,0x0000000018ac0000)]
  0x0000000016c8b000 JavaThread "C1 CompilerThread2" daemon [_thread_blocked, id=10332, stack(0x00000000184c0000,0x00000000185c0000)]
  0x0000000016c84000 JavaThread "C2 CompilerThread1" daemon [_thread_in_native, id=1336, stack(0x00000000183c0000,0x00000000184c0000)]
=>0x0000000016c76800 JavaThread "C2 CompilerThread0" daemon [_thread_in_native, id=10060, stack(0x00000000182c0000,0x00000000183c0000)]
  0x0000000016c74000 JavaThread "Attach Listener" daemon [_thread_blocked, id=10848, stack(0x00000000181c0000,0x00000000182c0000)]
  0x0000000016c73000 JavaThread "Signal Dispatcher" daemon [_thread_blocked, id=10096, stack(0x00000000180c0000,0x00000000181c0000)]
  0x00000000032fd800 JavaThread "Finalizer" daemon [_thread_blocked, id=2912, stack(0x0000000017ec0000,0x0000000017fc0000)]
  0x0000000016c59800 JavaThread "Reference Handler" daemon [_thread_blocked, id=12804, stack(0x0000000017dc0000,0x0000000017ec0000)]
  0x0000000002ffe000 JavaThread "main" [_thread_blocked, id=12068, stack(0x0000000003100000,0x0000000003200000)]

Other Threads:
  0x0000000016c36000 VMThread [stack: 0x0000000017cc0000,0x0000000017dc0000] [id=2808]
  0x0000000016cce000 WatcherThread [stack: 0x0000000018ac0000,0x0000000018bc0000] [id=11360]

VM state:not at safepoint (normal execution)

VM Mutex/Monitor currently owned by a thread:  ([mutex/lock_event])
[0x0000000002ffc200] CodeCache_lock - owner thread: 0x0000000016c8b000
[0x00000000032000d0] Compile_lock - owner thread: 0x0000000016c8b000
[0x0000000003200650] MethodCompileQueue_lock - owner thread: 0x0000000016c8b000

heap address: 0x00000000a0000000, size: 1536 MB, Compressed Oops mode: 32-bit
Narrow klass base: 0x0000000000000000, Narrow klass shift: 3
Compressed class space size: 1073741824 Address: 0x0000000100000000

Heap:
 PSYoungGen      total 212992K, used 144714K [0x00000000e0000000, 0x00000000f1000000, 0x0000000100000000)
  eden space 207872K, 69% used [0x00000000e0000000,0x00000000e8d52ae8,0x00000000ecb00000)
  from space 5120K, 0% used [0x00000000ed380000,0x00000000ed380000,0x00000000ed880000)
  to   space 35328K, 0% used [0x00000000eed80000,0x00000000eed80000,0x00000000f1000000)
 ParOldGen       total 149504K, used 58402K [0x00000000a0000000, 0x00000000a9200000, 0x00000000e0000000)
  object space 149504K, 39% used [0x00000000a0000000,0x00000000a3908bd8,0x00000000a9200000)
 Metaspace       used 99559K, capacity 103608K, committed 104624K, reserved 1140736K
  class space    used 12918K, capacity 13754K, committed 14000K, reserved 1048576K

Card table byte_map: [0x00000000126c0000,0x00000000129d0000] byte_map_base: 0x00000000121c0000

Marking Bits: (ParMarkBitMap*) 0x000000007163f030
 Begin Bits: [0x0000000012fd0000, 0x00000000147d0000)
 End Bits:   [0x00000000147d0000, 0x0000000015fd0000)

Polling page: 0x0000000001750000

CodeCache: size=245760Kb used=50921Kb max_used=50921Kb free=194838Kb
 bounds [0x0000000003300000, 0x00000000064f0000, 0x0000000012300000]
 total_blobs=15565 nmethods=14663 adapters=813
 compilation: enabled

Compilation events (10 events):
Event: 3582.989 Thread 0x0000000016c8b000 16989       3       org.gradle.internal.execution.history.changes.ClasspathCompareStrategy$ChangeState::processChange (257 bytes)
Event: 3582.991 Thread 0x0000000016c8b000 nmethod 16989 0x00000000064eb1d0 code [0x00000000064eb580, 0x00000000064ed208]
Event: 3582.991 Thread 0x0000000016c8b000 16990       1       com.google.common.cache.LocalCache$2::offer (2 bytes)
Event: 3582.991 Thread 0x0000000016c8b000 nmethod 16990 0x00000000064e6010 code [0x00000000064e6160, 0x00000000064e6270]
Event: 3582.992 Thread 0x0000000016c8b000 16991       3       org.gradle.api.internal.tasks.properties.PropertyVisitor$Adapter::<init> (5 bytes)
Event: 3582.992 Thread 0x0000000016c8b000 nmethod 16991 0x00000000064e5c50 code [0x00000000064e5da0, 0x00000000064e5f50]
Event: 3582.992 Thread 0x0000000016c8b000 16992       3       org.gradle.api.internal.tasks.properties.DefaultValidatingProperty::<init> (10 bytes)
Event: 3582.993 Thread 0x0000000016c8b000 nmethod 16992 0x00000000064e5790 code [0x00000000064e5900, 0x00000000064e5b50]
Event: 3582.993 Thread 0x0000000016c8b000 16993       3       com.google.common.collect.ImmutableSortedSet$Builder::<init> (16 bytes)
Event: 3582.993 Thread 0x0000000016c8b000 nmethod 16993 0x00000000064e4e10 code [0x00000000064e4fc0, 0x00000000064e54f8]

GC Heap History (10 events):
Event: 29.644 GC heap before
{Heap before GC invocations=17 (full 3):
 PSYoungGen      total 224768K, used 220229K [0x00000000e0000000, 0x00000000f1500000, 0x0000000100000000)
  eden space 203264K, 100% used [0x00000000e0000000,0x00000000ec680000,0x00000000ec680000)
  from space 21504K, 78% used [0x00000000ec680000,0x00000000ed7115d0,0x00000000edb80000)
  to   space 23552K, 0% used [0x00000000efe00000,0x00000000efe00000,0x00000000f1500000)
 ParOldGen       total 96768K, used 39625K [0x00000000a0000000, 0x00000000a5e80000, 0x00000000e0000000)
  object space 96768K, 40% used [0x00000000a0000000,0x00000000a26b2510,0x00000000a5e80000)
 Metaspace       used 75275K, capacity 78290K, committed 78384K, reserved 1116160K
  class space    used 10170K, capacity 10793K, committed 10800K, reserved 1048576K
Event: 29.685 GC heap after
Heap after GC invocations=17 (full 3):
 PSYoungGen      total 254464K, used 23537K [0x00000000e0000000, 0x00000000f1f80000, 0x0000000100000000)
  eden space 230912K, 0% used [0x00000000e0000000,0x00000000e0000000,0x00000000ee180000)
  from space 23552K, 99% used [0x00000000efe00000,0x00000000f14fc720,0x00000000f1500000)
  to   space 29184K, 0% used [0x00000000ee180000,0x00000000ee180000,0x00000000efe00000)
 ParOldGen       total 96768K, used 44631K [0x00000000a0000000, 0x00000000a5e80000, 0x00000000e0000000)
  object space 96768K, 46% used [0x00000000a0000000,0x00000000a2b95df8,0x00000000a5e80000)
 Metaspace       used 75275K, capacity 78290K, committed 78384K, reserved 1116160K
  class space    used 10170K, capacity 10793K, committed 10800K, reserved 1048576K
}
Event: 3523.837 GC heap before
{Heap before GC invocations=18 (full 3):
 PSYoungGen      total 254464K, used 254449K [0x00000000e0000000, 0x00000000f1f80000, 0x0000000100000000)
  eden space 230912K, 100% used [0x00000000e0000000,0x00000000ee180000,0x00000000ee180000)
  from space 23552K, 99% used [0x00000000efe00000,0x00000000f14fc720,0x00000000f1500000)
  to   space 29184K, 0% used [0x00000000ee180000,0x00000000ee180000,0x00000000efe00000)
 ParOldGen       total 96768K, used 44631K [0x00000000a0000000, 0x00000000a5e80000, 0x00000000e0000000)
  object space 96768K, 46% used [0x00000000a0000000,0x00000000a2b95df8,0x00000000a5e80000)
 Metaspace       used 82735K, capacity 86500K, committed 86832K, reserved 1124352K
  class space    used 10921K, capacity 11724K, committed 11824K, reserved 1048576K
Event: 3525.203 GC heap after
Heap after GC invocations=18 (full 3):
 PSYoungGen      total 243200K, used 21110K [0x00000000e0000000, 0x00000000f1480000, 0x0000000100000000)
  eden space 221696K, 0% used [0x00000000e0000000,0x00000000e0000000,0x00000000ed880000)
  from space 21504K, 98% used [0x00000000ee180000,0x00000000ef61da98,0x00000000ef680000)
  to   space 30720K, 0% used [0x00000000ef680000,0x00000000ef680000,0x00000000f1480000)
 ParOldGen       total 96768K, used 66157K [0x00000000a0000000, 0x00000000a5e80000, 0x00000000e0000000)
  object space 96768K, 68% used [0x00000000a0000000,0x00000000a409b438,0x00000000a5e80000)
 Metaspace       used 82735K, capacity 86500K, committed 86832K, reserved 1124352K
  class space    used 10921K, capacity 11724K, committed 11824K, reserved 1048576K
}
Event: 3552.277 GC heap before
{Heap before GC invocations=19 (full 3):
 PSYoungGen      total 243200K, used 242806K [0x00000000e0000000, 0x00000000f1480000, 0x0000000100000000)
  eden space 221696K, 100% used [0x00000000e0000000,0x00000000ed880000,0x00000000ed880000)
  from space 21504K, 98% used [0x00000000ee180000,0x00000000ef61da98,0x00000000ef680000)
  to   space 30720K, 0% used [0x00000000ef680000,0x00000000ef680000,0x00000000f1480000)
 ParOldGen       total 96768K, used 66157K [0x00000000a0000000, 0x00000000a5e80000, 0x00000000e0000000)
  object space 96768K, 68% used [0x00000000a0000000,0x00000000a409b438,0x00000000a5e80000)
 Metaspace       used 90748K, capacity 94778K, committed 95024K, reserved 1132544K
  class space    used 11873K, capacity 12744K, committed 12848K, reserved 1048576K
Event: 3552.815 GC heap after
Heap after GC invocations=19 (full 3):
 PSYoungGen      total 247296K, used 30709K [0x00000000e0000000, 0x00000000f4200000, 0x0000000100000000)
  eden space 216576K, 0% used [0x00000000e0000000,0x00000000e0000000,0x00000000ed380000)
  from space 30720K, 99% used [0x00000000ef680000,0x00000000f147d6b8,0x00000000f1480000)
  to   space 35840K, 0% used [0x00000000ed380000,0x00000000ed380000,0x00000000ef680000)
 ParOldGen       total 96768K, used 66460K [0x00000000a0000000, 0x00000000a5e80000, 0x00000000e0000000)
  object space 96768K, 68% used [0x00000000a0000000,0x00000000a40e7308,0x00000000a5e80000)
 Metaspace       used 90748K, capacity 94778K, committed 95024K, reserved 1132544K
  class space    used 11873K, capacity 12744K, committed 12848K, reserved 1048576K
}
Event: 3565.505 GC heap before
{Heap before GC invocations=20 (full 3):
 PSYoungGen      total 247296K, used 126345K [0x00000000e0000000, 0x00000000f4200000, 0x0000000100000000)
  eden space 216576K, 44% used [0x00000000e0000000,0x00000000e5d64d80,0x00000000ed380000)
  from space 30720K, 99% used [0x00000000ef680000,0x00000000f147d6b8,0x00000000f1480000)
  to   space 35840K, 0% used [0x00000000ed380000,0x00000000ed380000,0x00000000ef680000)
 ParOldGen       total 96768K, used 66460K [0x00000000a0000000, 0x00000000a5e80000, 0x00000000e0000000)
  object space 96768K, 68% used [0x00000000a0000000,0x00000000a40e7308,0x00000000a5e80000)
 Metaspace       used 94281K, capacity 98540K, committed 98600K, reserved 1134592K
  class space    used 12298K, capacity 13220K, committed 13232K, reserved 1048576K
Event: 3565.563 GC heap after
Heap after GC invocations=20 (full 3):
 PSYoungGen      total 212992K, used 4890K [0x00000000e0000000, 0x00000000f1000000, 0x0000000100000000)
  eden space 207872K, 0% used [0x00000000e0000000,0x00000000e0000000,0x00000000ecb00000)
  from space 5120K, 95% used [0x00000000ed380000,0x00000000ed846b70,0x00000000ed880000)
  to   space 35328K, 0% used [0x00000000eed80000,0x00000000eed80000,0x00000000f1000000)
 ParOldGen       total 96768K, used 88950K [0x00000000a0000000, 0x00000000a5e80000, 0x00000000e0000000)
  object space 96768K, 91% used [0x00000000a0000000,0x00000000a56ddb98,0x00000000a5e80000)
 Metaspace       used 94281K, capacity 98540K, committed 98600K, reserved 1134592K
  class space    used 12298K, capacity 13220K, committed 13232K, reserved 1048576K
}
Event: 3565.611 GC heap before
{Heap before GC invocations=21 (full 4):
 PSYoungGen      total 212992K, used 4890K [0x00000000e0000000, 0x00000000f1000000, 0x0000000100000000)
  eden space 207872K, 0% used [0x00000000e0000000,0x00000000e0000000,0x00000000ecb00000)
  from space 5120K, 95% used [0x00000000ed380000,0x00000000ed846b70,0x00000000ed880000)
  to   space 35328K, 0% used [0x00000000eed80000,0x00000000eed80000,0x00000000f1000000)
 ParOldGen       total 96768K, used 88950K [0x00000000a0000000, 0x00000000a5e80000, 0x00000000e0000000)
  object space 96768K, 91% used [0x00000000a0000000,0x00000000a56ddb98,0x00000000a5e80000)
 Metaspace       used 94281K, capacity 98540K, committed 98600K, reserved 1134592K
  class space    used 12298K, capacity 13220K, committed 13232K, reserved 1048576K
Event: 3575.529 GC heap after
Heap after GC invocations=21 (full 4):
 PSYoungGen      total 212992K, used 0K [0x00000000e0000000, 0x00000000f1000000, 0x0000000100000000)
  eden space 207872K, 0% used [0x00000000e0000000,0x00000000e0000000,0x00000000ecb00000)
  from space 5120K, 0% used [0x00000000ed380000,0x00000000ed380000,0x00000000ed880000)
  to   space 35328K, 0% used [0x00000000eed80000,0x00000000eed80000,0x00000000f1000000)
 ParOldGen       total 149504K, used 58402K [0x00000000a0000000, 0x00000000a9200000, 0x00000000e0000000)
  object space 149504K, 39% used [0x00000000a0000000,0x00000000a3908bd8,0x00000000a9200000)
 Metaspace       used 92965K, capacity 96252K, committed 98600K, reserved 1134592K
  class space    used 12036K, capacity 12760K, committed 13232K, reserved 1048576K
}

Deoptimization events (10 events):
Event: 3580.390 Thread 0x000000001ad69000 Uncommon trap: reason=unstable_if action=reinterpret pc=0x0000000003f7d2d4 method=java.lang.ref.SoftReference.get()Ljava/lang/Object; @ 6
Event: 3580.662 Thread 0x000000001ad6a800 Uncommon trap: reason=unstable_if action=reinterpret pc=0x0000000004b53b50 method=com.google.common.cache.LongAdder.add(J)V @ 46
Event: 3582.531 Thread 0x000000001e832000 Uncommon trap: reason=class_check action=maybe_recompile pc=0x00000000046b21b0 method=java.util.Spliterators$1Adapter.hasNext()Z @ 12
Event: 3582.580 Thread 0x000000001e832000 Uncommon trap: reason=class_check action=maybe_recompile pc=0x00000000046b21b0 method=java.util.Spliterators$1Adapter.hasNext()Z @ 12
Event: 3582.864 Thread 0x000000001e832000 Uncommon trap: reason=unstable_if action=reinterpret pc=0x0000000005734b04 method=com.android.tools.r8.s.a.a.b.t0.b(I[Ljava/lang/Object;)Lcom/android/tools/r8/s/a/a/b/t0; @ 193
Event: 3582.865 Thread 0x000000001e832000 Uncommon trap: reason=class_check action=maybe_recompile pc=0x0000000005850368 method=java.util.Collections$SetFromMap.<init>(Ljava/util/Map;)V @ 5
Event: 3582.865 Thread 0x000000001e832000 Uncommon trap: reason=class_check action=maybe_recompile pc=0x0000000005850368 method=java.util.Collections$SetFromMap.<init>(Ljava/util/Map;)V @ 5
Event: 3582.867 Thread 0x000000001ad69000 Uncommon trap: reason=bimorphic action=maybe_recompile pc=0x0000000005347038 method=org.gradle.internal.fingerprint.impl.DefaultFileSystemLocationFingerprint.<init>(Ljava/lang/String;Lorg/gradle/internal/snapshot/CompleteFileSystemLocationSnapshot;)V @ 3
Event: 3582.867 Thread 0x000000001ad69000 Uncommon trap: reason=bimorphic action=maybe_recompile pc=0x0000000005347038 method=org.gradle.internal.fingerprint.impl.DefaultFileSystemLocationFingerprint.<init>(Ljava/lang/String;Lorg/gradle/internal/snapshot/CompleteFileSystemLocationSnapshot;)V @ 3
Event: 3582.878 Thread 0x000000001e832000 Uncommon trap: reason=unstable_if action=reinterpret pc=0x0000000004427ad4 method=java.nio.Bits.getShort(Ljava/nio/ByteBuffer;IZ)S @ 1

Classes redefined (0 events):
No events

Internal exceptions (10 events):
Event: 3580.220 Thread 0x000000001e833800 Exception <a 'sun/nio/fs/WindowsException'> (0x00000000e59a2548) thrown at [C:\src\AOSP-openjdk-git\hotspot\src\share\vm\prims\jni.cpp, line 710]
Event: 3580.225 Thread 0x000000001e833800 Exception <a 'sun/nio/fs/WindowsException'> (0x00000000e59aaa38) thrown at [C:\src\AOSP-openjdk-git\hotspot\src\share\vm\prims\jni.cpp, line 710]
Event: 3580.229 Thread 0x000000001e833800 Exception <a 'sun/nio/fs/WindowsException'> (0x00000000e59b1940) thrown at [C:\src\AOSP-openjdk-git\hotspot\src\share\vm\prims\jni.cpp, line 710]
Event: 3580.231 Thread 0x000000001e833800 Exception <a 'sun/nio/fs/WindowsException'> (0x00000000e5abbaa0) thrown at [C:\src\AOSP-openjdk-git\hotspot\src\share\vm\prims\jni.cpp, line 710]
Event: 3580.369 Thread 0x000000001ad69000 Implicit null exception at 0x000000000489ef82 to 0x00000000048a40a1
Event: 3580.389 Thread 0x000000001ad69000 Implicit null exception at 0x00000000035b8497 to 0x00000000035b8805
Event: 3580.390 Thread 0x000000001ad69000 Implicit null exception at 0x0000000003f7cf65 to 0x0000000003f7d2b9
Event: 3580.662 Thread 0x000000001ad6a800 Implicit null exception at 0x0000000004b534c0 to 0x0000000004b53b41
Event: 3582.119 Thread 0x0000000023124800 Exception <a 'java/lang/NoSuchMethodError': <clinit>> (0x00000000e64fc8c8) thrown at [C:\src\AOSP-openjdk-git\hotspot\src\share\vm\prims\jni.cpp, line 1615]
Event: 3582.862 Thread 0x000000001e832000 Exception <a 'sun/nio/fs/WindowsException'> (0x00000000e7af7e88) thrown at [C:\src\AOSP-openjdk-git\hotspot\src\share\vm\prims\jni.cpp, line 710]

Events (10 events):
Event: 3582.874 loading class com/android/tools/r8/graph/h0$j done
Event: 3582.876 loading class com/android/tools/r8/graph/I0
Event: 3582.876 loading class com/android/tools/r8/graph/I0 done
Event: 3582.878 loading class com/android/tools/r8/dex/p
Event: 3582.878 loading class com/android/tools/r8/dex/p done
Event: 3582.878 Thread 0x000000001e832000 Uncommon trap: trap_request=0xffffff65 fr.pc=0x0000000004427ad4
Event: 3582.878 Thread 0x000000001e832000 DEOPT PACKING pc=0x0000000004427ad4 sp=0x000000002688da30
Event: 3582.878 Thread 0x000000001e832000 DEOPT UNPACKING pc=0x000000000334557b sp=0x000000002688d980 mode 2
Event: 3582.927 Executing VM operation: RevokeBias
Event: 3582.980 Executing VM operation: RevokeBias done


Dynamic libraries:
0x00007ff6bd2a0000 - 0x00007ff6bd2d1000 	C:\Program Files\Android\Android Studio\jre\bin\java.exe
0x00007ffd1c300000 - 0x00007ffd1c4f0000 	C:\WINDOWS\SYSTEM32\ntdll.dll
0x00007ffd1a3b0000 - 0x00007ffd1a462000 	C:\WINDOWS\System32\KERNEL32.DLL
0x00007ffd19f40000 - 0x00007ffd1a1e4000 	C:\WINDOWS\System32\KERNELBASE.dll
0x00007ffd1ac80000 - 0x00007ffd1ad23000 	C:\WINDOWS\System32\ADVAPI32.dll
0x00007ffd1a5a0000 - 0x00007ffd1a63e000 	C:\WINDOWS\System32\msvcrt.dll
0x00007ffd1a8d0000 - 0x00007ffd1a967000 	C:\WINDOWS\System32\sechost.dll
0x00007ffd1a470000 - 0x00007ffd1a590000 	C:\WINDOWS\System32\RPCRT4.dll
0x00007ffd1b8b0000 - 0x00007ffd1ba44000 	C:\WINDOWS\System32\USER32.dll
0x00007ffd19f10000 - 0x00007ffd19f31000 	C:\WINDOWS\System32\win32u.dll
0x00007ffd1a770000 - 0x00007ffd1a796000 	C:\WINDOWS\System32\GDI32.dll
0x00007ffd19290000 - 0x00007ffd19425000 	C:\WINDOWS\System32\gdi32full.dll
0x00007ffd1a310000 - 0x00007ffd1a3ae000 	C:\WINDOWS\System32\msvcp_win.dll
0x00007ffd19430000 - 0x00007ffd1952a000 	C:\WINDOWS\System32\ucrtbase.dll
0x00007ffd00e00000 - 0x00007ffd01084000 	C:\WINDOWS\WinSxS\amd64_microsoft.windows.common-controls_6595b64144ccf1df_6.0.18362.900_none_e6beb9d913147d17\COMCTL32.dll
0x00007ffd1b490000 - 0x00007ffd1b7c5000 	C:\WINDOWS\System32\combase.dll
0x00007ffd1a1f0000 - 0x00007ffd1a270000 	C:\WINDOWS\System32\bcryptPrimitives.dll
0x00007ffd1ba50000 - 0x00007ffd1ba7e000 	C:\WINDOWS\System32\IMM32.DLL
0x0000000070cb0000 - 0x0000000070d82000 	C:\Program Files\Android\Android Studio\jre\jre\bin\msvcr100.dll
0x0000000070e70000 - 0x00000000716bb000 	C:\Program Files\Android\Android Studio\jre\jre\bin\server\jvm.dll
0x00007ffd1b8a0000 - 0x00007ffd1b8a8000 	C:\WINDOWS\System32\PSAPI.DLL
0x00007ffd144e0000 - 0x00007ffd14504000 	C:\WINDOWS\SYSTEM32\WINMM.dll
0x00007ffd0dc50000 - 0x00007ffd0dc5a000 	C:\WINDOWS\SYSTEM32\VERSION.dll
0x00007ffd06dc0000 - 0x00007ffd06dc9000 	C:\WINDOWS\SYSTEM32\WSOCK32.dll
0x00007ffd1a7a0000 - 0x00007ffd1a80f000 	C:\WINDOWS\System32\WS2_32.dll
0x00007ffd144b0000 - 0x00007ffd144dd000 	C:\WINDOWS\SYSTEM32\WINMMBASE.dll
0x00007ffd1a2a0000 - 0x00007ffd1a2ea000 	C:\WINDOWS\System32\cfgmgr32.dll
0x00007ffd03580000 - 0x00007ffd0358f000 	C:\Program Files\Android\Android Studio\jre\jre\bin\verify.dll
0x00007ffcf7b70000 - 0x00007ffcf7b99000 	C:\Program Files\Android\Android Studio\jre\jre\bin\java.dll
0x00007ffcf9350000 - 0x00007ffcf9366000 	C:\Program Files\Android\Android Studio\jre\jre\bin\zip.dll
0x00007ffd1bb00000 - 0x00007ffd1c1e6000 	C:\WINDOWS\System32\SHELL32.dll
0x00007ffd1a810000 - 0x00007ffd1a8b9000 	C:\WINDOWS\System32\shcore.dll
0x00007ffd195e0000 - 0x00007ffd19d60000 	C:\WINDOWS\System32\windows.storage.dll
0x00007ffd19210000 - 0x00007ffd19233000 	C:\WINDOWS\System32\profapi.dll
0x00007ffd19240000 - 0x00007ffd1928a000 	C:\WINDOWS\System32\powrprof.dll
0x00007ffd191c0000 - 0x00007ffd191d0000 	C:\WINDOWS\System32\UMPDC.dll
0x00007ffd1a710000 - 0x00007ffd1a762000 	C:\WINDOWS\System32\shlwapi.dll
0x00007ffd191d0000 - 0x00007ffd191e1000 	C:\WINDOWS\System32\kernel.appcore.dll
0x00007ffd1a2f0000 - 0x00007ffd1a307000 	C:\WINDOWS\System32\cryptsp.dll
0x00007ffcf7960000 - 0x00007ffcf797a000 	C:\Program Files\Android\Android Studio\jre\jre\bin\net.dll
0x00007ffd18a30000 - 0x00007ffd18a97000 	C:\WINDOWS\system32\mswsock.dll
0x00007ffcf75f0000 - 0x00007ffcf7603000 	C:\Program Files\Android\Android Studio\jre\jre\bin\nio.dll
0x00007ffccbe50000 - 0x00007ffccbe76000 	C:\Users\Bismillah\.gradle\wrapper\dists\gradle-6.1.1-all\native\31\windows-amd64\native-platform.dll
0x00007ffd02420000 - 0x00007ffd0242d000 	C:\Program Files\Android\Android Studio\jre\jre\bin\management.dll
0x00007ffd185a0000 - 0x00007ffd185d3000 	C:\WINDOWS\system32\rsaenh.dll
0x00007ffd1a270000 - 0x00007ffd1a296000 	C:\WINDOWS\System32\bcrypt.dll
0x00007ffd190e0000 - 0x00007ffd19105000 	C:\WINDOWS\SYSTEM32\USERENV.dll
0x00007ffd18c00000 - 0x00007ffd18c0c000 	C:\WINDOWS\SYSTEM32\CRYPTBASE.dll
0x00007ffd18740000 - 0x00007ffd1877a000 	C:\WINDOWS\SYSTEM32\IPHLPAPI.DLL
0x00007ffd1a590000 - 0x00007ffd1a598000 	C:\WINDOWS\System32\NSI.dll
0x00007ffd115f0000 - 0x00007ffd11606000 	C:\WINDOWS\SYSTEM32\dhcpcsvc6.DLL
0x00007ffd12170000 - 0x00007ffd1218c000 	C:\WINDOWS\SYSTEM32\dhcpcsvc.DLL
0x00007ffd18790000 - 0x00007ffd1885b000 	C:\WINDOWS\SYSTEM32\DNSAPI.dll

VM Arguments:
jvm_args: -Xmx1536m -Dfile.encoding=windows-1252 -Duser.country=ID -Duser.language=en -Duser.variant 
java_command: org.gradle.launcher.daemon.bootstrap.GradleDaemon 6.1.1
java_class_path (initial): C:\Users\Bismillah\.gradle\wrapper\dists\gradle-6.1.1-all\wrapper\dists\gradle-6.1.1-all\cfmwm155h49vnt3hynmlrsdst\gradle-6.1.1\lib\gradle-launcher-6.1.1.jar
Launcher Type: SUN_STANDARD

Environment Variables:
PATH=C:\Program Files (x86)\Common Files\Intel\Shared Libraries\redist\intel64\compiler;C:\WINDOWS\system32;C:\WINDOWS;C:\WINDOWS\System32\Wbem;C:\WINDOWS\System32\WindowsPowerShell\v1.0\;"C:\WINDOWS\System32\OpenSSH\;";C:\Program Files\Java\jdk-11.0.6\bin;C:\Users\Bismillah\AppData\Local\Microsoft\WindowsApps;
USERNAME=Bismillah
OS=Windows_NT
PROCESSOR_IDENTIFIER=Intel64 Family 6 Model 142 Stepping 9, GenuineIntel



---------------  S Y S T E M  ---------------

OS: Windows 10.0 , 64 bit Build 18362 (10.0.18362.900)

CPU:total 4 (initial active 4) (2 cores per cpu, 2 threads per core) family 6 model 142 stepping 9, cmov, cx8, fxsr, mmx, sse, sse2, sse3, ssse3, sse4.1, sse4.2, popcnt, avx, avx2, aes, clmul, erms, 3dnowpref, lzcnt, ht, tsc, tscinvbit, bmi1, bmi2, adx

Memory: 4k page, physical 4059364k(260068k free), swap 8253668k(4k free)

vm_info: OpenJDK 64-Bit Server VM (25.242-b01) for windows-amd64 JRE (1.8.0_242-release-1644-b01), built by "builder" with MS VC++ 10.0 (VS2010)

time: Tue Jul 14 05:18:04 2020
timezone: GMT Summer Time
elapsed time: 3583 seconds (0d 0h 59m 43s)

