#
# There is insufficient memory for the Java Runtime Environment to continue.
# Native memory allocation (malloc) failed to allocate 1297984 bytes for Chunk::new
# Possible reasons:
#   The system is out of physical RAM or swap space
#   The process is running with CompressedOops enabled, and the Java Heap may be blocking the growth of the native heap
# Possible solutions:
#   Reduce memory load on the system
#   Increase physical memory or swap space
#   Check if swap backing store is full
#   Decrease Java heap size (-Xmx/-Xms)
#   Decrease number of Java threads
#   Decrease Java thread stack sizes (-Xss)
#   Set larger code cache with -XX:ReservedCodeCacheSize=
#   JVM is running with Unscaled Compressed Oops mode in which the Java heap is
#     placed in the first 4GB address space. The Java Heap base address is the
#     maximum limit for the native heap growth. Please use -XX:HeapBaseMinAddress
#     to set the Java Heap base and to place the Java Heap above 4GB virtual address.
# This output file may be truncated or incomplete.
#
#  Out of Memory Error (allocation.cpp:389), pid=5712, tid=0x00000000000041bc
#
# JRE version: OpenJDK Runtime Environment (8.0_242-b01) (build 1.8.0_242-release-1644-b01)
# Java VM: OpenJDK 64-Bit Server VM (25.242-b01 mixed mode windows-amd64 compressed oops)
# Failed to write core dump. Minidumps are not enabled by default on client versions of Windows
#

---------------  T H R E A D  ---------------

Current thread (0x0000000015fe4800):  JavaThread "C2 CompilerThread0" daemon [_thread_in_native, id=16828, stack(0x0000000017640000,0x0000000017740000)]

Stack: [0x0000000017640000,0x0000000017740000]
[error occurred during error reporting (printing stack bounds), id 0xc0000005]

Native frames: (J=compiled Java code, j=interpreted, Vv=VM code, C=native code)


Current CompileTask:
C2:5647697 20026   !   4       java.io.ObjectInputStream::readObject0 (671 bytes)


---------------  P R O C E S S  ---------------

Java Threads: ( => current thread )
  0x0000000018dd4800 JavaThread "Thread-85" [_thread_blocked, id=6356, stack(0x000000001b560000,0x000000001b660000)]
  0x0000000018dd2800 JavaThread "Stdin handler" [_thread_blocked, id=15436, stack(0x000000001b460000,0x000000001b560000)]
  0x0000000018dd1000 JavaThread "Asynchronous log dispatcher for DefaultDaemonConnection: socket connection from /127.0.0.1:59450 to /127.0.0.1:59751" [_thread_blocked, id=11412, stack(0x000000001b060000,0x000000001b160000)]
  0x0000000018f3b800 JavaThread "Daemon worker Thread 4" [_thread_in_Java, id=12764, stack(0x000000001ae20000,0x000000001af20000)]
  0x0000000018f38800 JavaThread "Cancel handler" [_thread_blocked, id=13584, stack(0x0000000000ae0000,0x0000000000be0000)]
  0x0000000018f37000 JavaThread "Handler for socket connection from /127.0.0.1:59450 to /127.0.0.1:59751" [_thread_in_native, id=1200, stack(0x00000000009e0000,0x0000000000ae0000)]
  0x0000000018f36800 JavaThread "Daemon Thread 4" [_thread_blocked, id=9996, stack(0x00000000008e0000,0x00000000009e0000)]
  0x0000000018dd5800 JavaThread "Cache worker for Java compile cache (C:\Users\Bismillah\.gradle\wrapper\dists\gradle-6.1.1-all\caches\6.1.1\javaCompile)" [_thread_blocked, id=5268, stack(0x00000000269e0000,0x0000000026ae0000)]
  0x0000000019b91800 JavaThread "Cache worker for file content cache (C:\Users\Bismillah\.gradle\wrapper\dists\gradle-6.1.1-all\caches\6.1.1\fileContent)" [_thread_blocked, id=13176, stack(0x00000000251b0000,0x00000000252b0000)]
  0x0000000019b8e000 JavaThread "Memory manager" [_thread_blocked, id=13256, stack(0x00000000220c0000,0x00000000221c0000)]
  0x0000000018f3a000 JavaThread "Cache worker for execution history cache (C:\Users\Bismillah\.gradle\wrapper\dists\gradle-6.1.1-all\caches\6.1.1\executionHistory)" [_thread_blocked, id=11700, stack(0x000000001f7e0000,0x000000001f8e0000)]
  0x0000000018f39800 JavaThread "Cache worker for file hash cache (C:\Users\Bismillah\.gradle\wrapper\dists\gradle-6.1.1-all\caches\6.1.1\fileHashes)" [_thread_blocked, id=16928, stack(0x000000001bd60000,0x000000001be60000)]
  0x0000000018f3c800 JavaThread "File lock request listener" [_thread_in_native, id=16420, stack(0x000000001bc60000,0x000000001bd60000)]
  0x0000000018f35800 JavaThread "Cache worker for journal cache (C:\Users\Bismillah\.gradle\wrapper\dists\gradle-6.1.1-all\caches\journal-1)" [_thread_blocked, id=12640, stack(0x000000001bb60000,0x000000001bc60000)]
  0x00000000187ea000 JavaThread "Daemon periodic checks" [_thread_blocked, id=12480, stack(0x000000001b160000,0x000000001b260000)]
  0x000000001973c000 JavaThread "Incoming local TCP Connector on port 59450" [_thread_in_native, id=14996, stack(0x000000001ad20000,0x000000001ae20000)]
  0x0000000019799000 JavaThread "Daemon health stats" [_thread_blocked, id=7080, stack(0x000000001a6e0000,0x000000001a7e0000)]
  0x000000001603b800 JavaThread "Service Thread" daemon [_thread_blocked, id=1148, stack(0x0000000017d40000,0x0000000017e40000)]
  0x0000000016015000 JavaThread "C1 CompilerThread2" daemon [_thread_blocked, id=17044, stack(0x0000000017840000,0x0000000017940000)]
  0x0000000015feb800 JavaThread "C2 CompilerThread1" daemon [_thread_blocked, id=14156, stack(0x0000000017740000,0x0000000017840000)]
=>0x0000000015fe4800 JavaThread "C2 CompilerThread0" daemon [_thread_in_native, id=16828, stack(0x0000000017640000,0x0000000017740000)]
  0x0000000015fe2800 JavaThread "Attach Listener" daemon [_thread_blocked, id=8976, stack(0x0000000017540000,0x0000000017640000)]
  0x0000000015fe1000 JavaThread "Signal Dispatcher" daemon [_thread_blocked, id=9940, stack(0x0000000017440000,0x0000000017540000)]
  0x000000000266b000 JavaThread "Finalizer" daemon [_thread_blocked, id=10868, stack(0x0000000017240000,0x0000000017340000)]
  0x0000000015fc9000 JavaThread "Reference Handler" daemon [_thread_blocked, id=3964, stack(0x0000000017140000,0x0000000017240000)]
  0x000000000256e000 JavaThread "main" [_thread_blocked, id=8484, stack(0x0000000002440000,0x0000000002540000)]

Other Threads:
  0x0000000015fa6000 VMThread [stack: 0x0000000017040000,0x0000000017140000] [id=11188]
  0x000000001603c000 WatcherThread [stack: 0x0000000017e40000,0x0000000017f40000] [id=13504]

VM state:not at safepoint (normal execution)

VM Mutex/Monitor currently owned by a thread: None

heap address: 0x00000000a0000000, size: 1536 MB, Compressed Oops mode: 32-bit
Narrow klass base: 0x0000000000000000, Narrow klass shift: 3
Compressed class space size: 1073741824 Address: 0x0000000100000000

Heap:
 PSYoungGen      total 267776K, used 147697K [0x00000000e0000000, 0x00000000f7480000, 0x0000000100000000)
  eden space 185856K, 79% used [0x00000000e0000000,0x00000000e903c540,0x00000000eb580000)
  from space 81920K, 0% used [0x00000000f2480000,0x00000000f2480000,0x00000000f7480000)
  to   space 75776K, 0% used [0x00000000eb580000,0x00000000eb580000,0x00000000eff80000)
 ParOldGen       total 144896K, used 140109K [0x00000000a0000000, 0x00000000a8d80000, 0x00000000e0000000)
  object space 144896K, 96% used [0x00000000a0000000,0x00000000a88d3778,0x00000000a8d80000)
 Metaspace       used 100088K, capacity 104440K, committed 105256K, reserved 1140736K
  class space    used 13036K, capacity 13895K, committed 14120K, reserved 1048576K

Card table byte_map: [0x0000000011a30000,0x0000000011d40000] byte_map_base: 0x0000000011530000

Marking Bits: (ParMarkBitMap*) 0x00000000518af030
 Begin Bits: [0x0000000012340000, 0x0000000013b40000)
 End Bits:   [0x0000000013b40000, 0x0000000015340000)

Polling page: 0x00000000007d0000

CodeCache: size=245760Kb used=55436Kb max_used=56233Kb free=190323Kb
 bounds [0x0000000002670000, 0x0000000005da0000, 0x0000000011670000]
 total_blobs=16897 nmethods=16010 adapters=799
 compilation: enabled

Compilation events (10 events):
Event: 5647.445 Thread 0x0000000016015000 20033       3       org.gradle.internal.SystemProperties::isNonStandardImportantProperty (10 bytes)
Event: 5647.446 Thread 0x0000000016015000 nmethod 20033 0x0000000003a73490 code [0x0000000003a73620, 0x0000000003a73948]
Event: 5647.452 Thread 0x0000000015feb800 20034       4       java.lang.reflect.Field::copy (76 bytes)
Event: 5647.457 Thread 0x0000000015feb800 nmethod 20034 0x00000000045d0210 code [0x00000000045d0360, 0x00000000045d04d8]
Event: 5647.472 Thread 0x0000000015feb800 20035   !   4       java.text.DecimalFormat::format (255 bytes)
Event: 5647.473 Thread 0x0000000016015000 20036       1       java.lang.ThreadGroup::getMaxPriority (5 bytes)
Event: 5647.473 Thread 0x0000000016015000 nmethod 20036 0x000000000470cd90 code [0x000000000470cee0, 0x000000000470cff0]
Event: 5647.500 Thread 0x0000000015feb800 nmethod 20035 0x0000000002fdef90 code [0x0000000002fdf100, 0x0000000002fdfae8]
Event: 5647.558 Thread 0x0000000016015000 20037       3       org.gradle.internal.event.DefaultListenerManager$EventBroadcast::buildAllWithLogger (57 bytes)
Event: 5647.562 Thread 0x0000000016015000 nmethod 20037 0x000000000481ae50 code [0x000000000481b080, 0x000000000481bf08]

GC Heap History (10 events):
Event: 4825.056 GC heap before
{Heap before GC invocations=31 (full 4):
 PSYoungGen      total 214016K, used 213990K [0x00000000e0000000, 0x00000000f4380000, 0x0000000100000000)
  eden space 160768K, 100% used [0x00000000e0000000,0x00000000e9d00000,0x00000000e9d00000)
  from space 53248K, 99% used [0x00000000ee480000,0x00000000f1879a10,0x00000000f1880000)
  to   space 73216K, 0% used [0x00000000e9d00000,0x00000000e9d00000,0x00000000ee480000)
 ParOldGen       total 141824K, used 98161K [0x00000000a0000000, 0x00000000a8a80000, 0x00000000e0000000)
  object space 141824K, 69% used [0x00000000a0000000,0x00000000a5fdc778,0x00000000a8a80000)
 Metaspace       used 99048K, capacity 103354K, committed 104104K, reserved 1138688K
  class space    used 12983K, capacity 13843K, committed 13992K, reserved 1048576K
Event: 4825.172 GC heap after
Heap after GC invocations=31 (full 4):
 PSYoungGen      total 233984K, used 43659K [0x00000000e0000000, 0x00000000f4b00000, 0x0000000100000000)
  eden space 160768K, 0% used [0x00000000e0000000,0x00000000e0000000,0x00000000e9d00000)
  from space 73216K, 59% used [0x00000000e9d00000,0x00000000ec7a2e80,0x00000000ee480000)
  to   space 74752K, 0% used [0x00000000f0200000,0x00000000f0200000,0x00000000f4b00000)
 ParOldGen       total 141824K, used 98169K [0x00000000a0000000, 0x00000000a8a80000, 0x00000000e0000000)
  object space 141824K, 69% used [0x00000000a0000000,0x00000000a5fde778,0x00000000a8a80000)
 Metaspace       used 99048K, capacity 103354K, committed 104104K, reserved 1138688K
  class space    used 12983K, capacity 13843K, committed 13992K, reserved 1048576K
}
Event: 5181.244 GC heap before
{Heap before GC invocations=32 (full 4):
 PSYoungGen      total 233984K, used 204427K [0x00000000e0000000, 0x00000000f4b00000, 0x0000000100000000)
  eden space 160768K, 100% used [0x00000000e0000000,0x00000000e9d00000,0x00000000e9d00000)
  from space 73216K, 59% used [0x00000000e9d00000,0x00000000ec7a2e80,0x00000000ee480000)
  to   space 74752K, 0% used [0x00000000f0200000,0x00000000f0200000,0x00000000f4b00000)
 ParOldGen       total 141824K, used 98169K [0x00000000a0000000, 0x00000000a8a80000, 0x00000000e0000000)
  object space 141824K, 69% used [0x00000000a0000000,0x00000000a5fde778,0x00000000a8a80000)
 Metaspace       used 99972K, capacity 104554K, committed 104744K, reserved 1140736K
  class space    used 13071K, capacity 13976K, committed 14120K, reserved 1048576K
Event: 5181.944 GC heap after
Heap after GC invocations=32 (full 4):
 PSYoungGen      total 259072K, used 43606K [0x00000000e0000000, 0x00000000f4980000, 0x0000000100000000)
  eden space 185856K, 0% used [0x00000000e0000000,0x00000000e0000000,0x00000000eb580000)
  from space 73216K, 59% used [0x00000000f0200000,0x00000000f2c95870,0x00000000f4980000)
  to   space 75776K, 0% used [0x00000000eb580000,0x00000000eb580000,0x00000000eff80000)
 ParOldGen       total 141824K, used 98177K [0x00000000a0000000, 0x00000000a8a80000, 0x00000000e0000000)
  object space 141824K, 69% used [0x00000000a0000000,0x00000000a5fe0778,0x00000000a8a80000)
 Metaspace       used 99972K, capacity 104554K, committed 104744K, reserved 1140736K
  class space    used 13071K, capacity 13976K, committed 14120K, reserved 1048576K
}
Event: 5190.701 GC heap before
{Heap before GC invocations=33 (full 4):
 PSYoungGen      total 259072K, used 229462K [0x00000000e0000000, 0x00000000f4980000, 0x0000000100000000)
  eden space 185856K, 100% used [0x00000000e0000000,0x00000000eb580000,0x00000000eb580000)
  from space 73216K, 59% used [0x00000000f0200000,0x00000000f2c95870,0x00000000f4980000)
  to   space 75776K, 0% used [0x00000000eb580000,0x00000000eb580000,0x00000000eff80000)
 ParOldGen       total 141824K, used 98177K [0x00000000a0000000, 0x00000000a8a80000, 0x00000000e0000000)
  object space 141824K, 69% used [0x00000000a0000000,0x00000000a5fe0778,0x00000000a8a80000)
 Metaspace       used 100424K, capacity 104950K, committed 105256K, reserved 1140736K
  class space    used 13103K, capacity 14030K, committed 14120K, reserved 1048576K
Event: 5191.044 GC heap after
Heap after GC invocations=33 (full 4):
 PSYoungGen      total 261632K, used 58434K [0x00000000e0000000, 0x00000000f7480000, 0x0000000100000000)
  eden space 185856K, 0% used [0x00000000e0000000,0x00000000e0000000,0x00000000eb580000)
  from space 75776K, 77% used [0x00000000eb580000,0x00000000eee90918,0x00000000eff80000)
  to   space 81920K, 0% used [0x00000000f2480000,0x00000000f2480000,0x00000000f7480000)
 ParOldGen       total 141824K, used 107281K [0x00000000a0000000, 0x00000000a8a80000, 0x00000000e0000000)
  object space 141824K, 75% used [0x00000000a0000000,0x00000000a68c4738,0x00000000a8a80000)
 Metaspace       used 100424K, capacity 104950K, committed 105256K, reserved 1140736K
  class space    used 13103K, capacity 14030K, committed 14120K, reserved 1048576K
}
Event: 5192.638 GC heap before
{Heap before GC invocations=34 (full 4):
 PSYoungGen      total 261632K, used 244063K [0x00000000e0000000, 0x00000000f7480000, 0x0000000100000000)
  eden space 185856K, 99% used [0x00000000e0000000,0x00000000eb5474e0,0x00000000eb580000)
  from space 75776K, 77% used [0x00000000eb580000,0x00000000eee90918,0x00000000eff80000)
  to   space 81920K, 0% used [0x00000000f2480000,0x00000000f2480000,0x00000000f7480000)
 ParOldGen       total 141824K, used 107281K [0x00000000a0000000, 0x00000000a8a80000, 0x00000000e0000000)
  object space 141824K, 75% used [0x00000000a0000000,0x00000000a68c4738,0x00000000a8a80000)
 Metaspace       used 100445K, capacity 105014K, committed 105256K, reserved 1140736K
  class space    used 13103K, capacity 14030K, committed 14120K, reserved 1048576K
Event: 5192.867 GC heap after
Heap after GC invocations=34 (full 4):
 PSYoungGen      total 267776K, used 81910K [0x00000000e0000000, 0x00000000f7480000, 0x0000000100000000)
  eden space 185856K, 0% used [0x00000000e0000000,0x00000000e0000000,0x00000000eb580000)
  from space 81920K, 99% used [0x00000000f2480000,0x00000000f747d948,0x00000000f7480000)
  to   space 75776K, 0% used [0x00000000eb580000,0x00000000eb580000,0x00000000eff80000)
 ParOldGen       total 144896K, used 143574K [0x00000000a0000000, 0x00000000a8d80000, 0x00000000e0000000)
  object space 144896K, 99% used [0x00000000a0000000,0x00000000a8c35b28,0x00000000a8d80000)
 Metaspace       used 100445K, capacity 105014K, committed 105256K, reserved 1140736K
  class space    used 13103K, capacity 14030K, committed 14120K, reserved 1048576K
}
Event: 5192.868 GC heap before
{Heap before GC invocations=35 (full 5):
 PSYoungGen      total 267776K, used 81910K [0x00000000e0000000, 0x00000000f7480000, 0x0000000100000000)
  eden space 185856K, 0% used [0x00000000e0000000,0x00000000e0000000,0x00000000eb580000)
  from space 81920K, 99% used [0x00000000f2480000,0x00000000f747d948,0x00000000f7480000)
  to   space 75776K, 0% used [0x00000000eb580000,0x00000000eb580000,0x00000000eff80000)
 ParOldGen       total 144896K, used 143574K [0x00000000a0000000, 0x00000000a8d80000, 0x00000000e0000000)
  object space 144896K, 99% used [0x00000000a0000000,0x00000000a8c35b28,0x00000000a8d80000)
 Metaspace       used 100445K, capacity 105014K, committed 105256K, reserved 1140736K
  class space    used 13103K, capacity 14030K, committed 14120K, reserved 1048576K
Event: 5195.221 GC heap after
Heap after GC invocations=35 (full 5):
 PSYoungGen      total 267776K, used 0K [0x00000000e0000000, 0x00000000f7480000, 0x0000000100000000)
  eden space 185856K, 0% used [0x00000000e0000000,0x00000000e0000000,0x00000000eb580000)
  from space 81920K, 0% used [0x00000000f2480000,0x00000000f2480000,0x00000000f7480000)
  to   space 75776K, 0% used [0x00000000eb580000,0x00000000eb580000,0x00000000eff80000)
 ParOldGen       total 144896K, used 140109K [0x00000000a0000000, 0x00000000a8d80000, 0x00000000e0000000)
  object space 144896K, 96% used [0x00000000a0000000,0x00000000a88d3778,0x00000000a8d80000)
 Metaspace       used 100010K, capacity 104342K, committed 105256K, reserved 1140736K
  class space    used 13033K, capacity 13890K, committed 14120K, reserved 1048576K
}

Deoptimization events (10 events):
Event: 5190.057 Thread 0x0000000018f35800 Uncommon trap: reason=unstable_if action=reinterpret pc=0x000000000453a748 method=java.util.concurrent.ArrayBlockingQueue.dequeue()Ljava/lang/Object; @ 32
Event: 5190.157 Thread 0x0000000019b91000 Uncommon trap: reason=array_check action=maybe_recompile pc=0x0000000005af77cc method=java.util.ComparableTimSort.binarySort([Ljava/lang/Object;III)V @ 193
Event: 5190.162 Thread 0x0000000019b97000 Uncommon trap: reason=array_check action=maybe_recompile pc=0x0000000005af77cc method=java.util.ComparableTimSort.binarySort([Ljava/lang/Object;III)V @ 193
Event: 5196.281 Thread 0x0000000018dda800 Uncommon trap: reason=unstable_if action=reinterpret pc=0x0000000004ffd53c method=java.io.ObjectStreamClass.processQueue(Ljava/lang/ref/ReferenceQueue;Ljava/util/concurrent/ConcurrentMap;)V @ 6
Event: 5196.322 Thread 0x0000000019b91000 Uncommon trap: reason=unstable_if action=reinterpret pc=0x0000000003bf1f54 method=com.google.common.collect.MapMakerInternalMap$Segment.getEntry(Ljava/lang/Object;I)Lcom/google/common/collect/MapMakerInternalMap$InternalEntry; @ 40
Event: 5196.322 Thread 0x0000000019b91000 Uncommon trap: reason=unstable_if action=reinterpret pc=0x00000000049af88c method=com.google.common.collect.MapMakerInternalMap$WeakKeyDummyValueEntry$Helper.copy(Lcom/google/common/collect/MapMakerInternalMap$WeakKeyDummyValueSegment;Lcom/google/common/c
Event: 5196.344 Thread 0x0000000019b91000 Uncommon trap: reason=unstable_if action=reinterpret pc=0x000000000353f0f8 method=java.io.ObjectOutputStream$BlockDataOutputStream.writeBytes(Ljava/lang/String;)V @ 22
Event: 5196.387 Thread 0x000000001f00e000 Uncommon trap: reason=unstable_if action=reinterpret pc=0x000000000587561c method=java.util.stream.StreamOpFlag.getMask(I)I @ 1
Event: 5197.175 Thread 0x0000000018dd9000 Uncommon trap: reason=class_check action=maybe_recompile pc=0x0000000005580420 method=java.util.Spliterators$ArraySpliterator.tryAdvance(Ljava/util/function/Consumer;)Z @ 49
Event: 5647.351 Thread 0x0000000018f37000 Uncommon trap: reason=class_check action=maybe_recompile pc=0x0000000004822b20 method=java.lang.reflect.Array.newInstance(Ljava/lang/Class;I)Ljava/lang/Object; @ 2

Classes redefined (0 events):
No events

Internal exceptions (10 events):
Event: 5187.959 Thread 0x0000000019b8a000 Exception <a 'sun/nio/fs/WindowsException'> (0x00000000e3789710) thrown at [C:\src\AOSP-openjdk-git\hotspot\src\share\vm\prims\jni.cpp, line 710]
Event: 5187.959 Thread 0x0000000019b8a000 Exception <a 'sun/nio/fs/WindowsException'> (0x00000000e378b540) thrown at [C:\src\AOSP-openjdk-git\hotspot\src\share\vm\prims\jni.cpp, line 710]
Event: 5187.959 Thread 0x0000000019b8a000 Exception <a 'sun/nio/fs/WindowsException'> (0x00000000e378c230) thrown at [C:\src\AOSP-openjdk-git\hotspot\src\share\vm\prims\jni.cpp, line 710]
Event: 5187.960 Thread 0x0000000019b8a000 Exception <a 'sun/nio/fs/WindowsException'> (0x00000000e378cf90) thrown at [C:\src\AOSP-openjdk-git\hotspot\src\share\vm\prims\jni.cpp, line 710]
Event: 5189.959 Thread 0x000000001f01b800 Exception <a 'sun/nio/fs/WindowsException'> (0x00000000e859d0e0) thrown at [C:\src\AOSP-openjdk-git\hotspot\src\share\vm\prims\jni.cpp, line 710]
Event: 5189.994 Thread 0x000000001f01b800 Exception <a 'sun/nio/fs/WindowsException'> (0x00000000e8674608) thrown at [C:\src\AOSP-openjdk-git\hotspot\src\share\vm\prims\jni.cpp, line 710]
Event: 5190.669 Thread 0x0000000019b97000 Exception <a 'sun/nio/fs/WindowsException'> (0x00000000e9897140) thrown at [C:\src\AOSP-openjdk-git\hotspot\src\share\vm\prims\jni.cpp, line 710]
Event: 5196.211 Thread 0x0000000018f37000 Exception <a 'sun/nio/fs/WindowsException'> (0x00000000e6f85b90) thrown at [C:\src\AOSP-openjdk-git\hotspot\src\share\vm\prims\jni.cpp, line 710]
Event: 5196.322 Thread 0x0000000019b91000 Implicit null exception at 0x0000000003bf18fa to 0x0000000003bf1f31
Event: 5197.293 Thread 0x0000000018dd9000 Exception <a 'sun/nio/fs/WindowsException'> (0x00000000e87d7310) thrown at [C:\src\AOSP-openjdk-git\hotspot\src\share\vm\prims\jni.cpp, line 710]

Events (10 events):
Event: 5647.289 Executing VM operation: RevokeBias
Event: 5647.289 Executing VM operation: RevokeBias done
Event: 5647.350 Thread 0x0000000018f37000 Uncommon trap: trap_request=0xffffffde fr.pc=0x0000000004822b20
Event: 5647.351 Thread 0x0000000018f37000 DEOPT PACKING pc=0x0000000004822b20 sp=0x0000000000add940
Event: 5647.351 Thread 0x0000000018f37000 DEOPT UNPACKING pc=0x00000000026b557b sp=0x0000000000add8e0 mode 2
Event: 5647.393 Thread 0x0000000018f38800 Thread added: 0x0000000018f38800
Event: 5647.428 Thread 0x0000000018f3b800 Thread added: 0x0000000018f3b800
Event: 5647.458 Thread 0x0000000018dd1000 Thread added: 0x0000000018dd1000
Event: 5647.466 Thread 0x0000000018dd2800 Thread added: 0x0000000018dd2800
Event: 5647.473 Thread 0x0000000018dd4800 Thread added: 0x0000000018dd4800


Dynamic libraries:
0x00007ff706bf0000 - 0x00007ff706c21000 	C:\Program Files\Android\Android Studio\jre\bin\java.exe
0x00007fff6e9e0000 - 0x00007fff6ebd0000 	C:\WINDOWS\SYSTEM32\ntdll.dll
0x00007fff6ca90000 - 0x00007fff6cb42000 	C:\WINDOWS\System32\KERNEL32.DLL
0x00007fff6b990000 - 0x00007fff6bc34000 	C:\WINDOWS\System32\KERNELBASE.dll
0x00007fff6e240000 - 0x00007fff6e2e3000 	C:\WINDOWS\System32\ADVAPI32.dll
0x00007fff6e300000 - 0x00007fff6e39e000 	C:\WINDOWS\System32\msvcrt.dll
0x00007fff6e890000 - 0x00007fff6e927000 	C:\WINDOWS\System32\sechost.dll
0x00007fff6cb50000 - 0x00007fff6cc70000 	C:\WINDOWS\System32\RPCRT4.dll
0x00007fff6cfa0000 - 0x00007fff6d135000 	C:\WINDOWS\System32\USER32.dll
0x00007fff6c7c0000 - 0x00007fff6c7e1000 	C:\WINDOWS\System32\win32u.dll
0x00007fff6e210000 - 0x00007fff6e236000 	C:\WINDOWS\System32\GDI32.dll
0x00007fff6c620000 - 0x00007fff6c7b6000 	C:\WINDOWS\System32\gdi32full.dll
0x00007fff6c7f0000 - 0x00007fff6c88e000 	C:\WINDOWS\System32\msvcp_win.dll
0x00007fff6c470000 - 0x00007fff6c56a000 	C:\WINDOWS\System32\ucrtbase.dll
0x00007fff55fa0000 - 0x00007fff56224000 	C:\WINDOWS\WinSxS\amd64_microsoft.windows.common-controls_6595b64144ccf1df_6.0.18362.1016_none_9e7a36bbe461dae4\COMCTL32.dll
0x00007fff6d470000 - 0x00007fff6d7a5000 	C:\WINDOWS\System32\combase.dll
0x00007fff6bc60000 - 0x00007fff6bce0000 	C:\WINDOWS\System32\bcryptPrimitives.dll
0x00007fff6cdb0000 - 0x00007fff6cdde000 	C:\WINDOWS\System32\IMM32.DLL
0x0000000050f20000 - 0x0000000050ff2000 	C:\Program Files\Android\Android Studio\jre\jre\bin\msvcr100.dll
0x00000000510e0000 - 0x000000005192b000 	C:\Program Files\Android\Android Studio\jre\jre\bin\server\jvm.dll
0x00007fff6e2f0000 - 0x00007fff6e2f8000 	C:\WINDOWS\System32\PSAPI.DLL
0x00007fff66cc0000 - 0x00007fff66cc9000 	C:\WINDOWS\SYSTEM32\WSOCK32.dll
0x00007fff67eb0000 - 0x00007fff67ed4000 	C:\WINDOWS\SYSTEM32\WINMM.dll
0x00007fff64c30000 - 0x00007fff64c3a000 	C:\WINDOWS\SYSTEM32\VERSION.dll
0x00007fff67e80000 - 0x00007fff67ead000 	C:\WINDOWS\SYSTEM32\winmmbase.dll
0x00007fff6c5d0000 - 0x00007fff6c61a000 	C:\WINDOWS\System32\cfgmgr32.dll
0x00007fff6e1a0000 - 0x00007fff6e20f000 	C:\WINDOWS\System32\WS2_32.dll
0x00007fff651f0000 - 0x00007fff651ff000 	C:\Program Files\Android\Android Studio\jre\jre\bin\verify.dll
0x00007fff5f0e0000 - 0x00007fff5f109000 	C:\Program Files\Android\Android Studio\jre\jre\bin\java.dll
0x00007fff62e30000 - 0x00007fff62e46000 	C:\Program Files\Android\Android Studio\jre\jre\bin\zip.dll
0x00007fff6d7b0000 - 0x00007fff6de97000 	C:\WINDOWS\System32\SHELL32.dll
0x00007fff6e0e0000 - 0x00007fff6e189000 	C:\WINDOWS\System32\shcore.dll
0x00007fff6bce0000 - 0x00007fff6c462000 	C:\WINDOWS\System32\windows.storage.dll
0x00007fff6b8a0000 - 0x00007fff6b8c3000 	C:\WINDOWS\System32\profapi.dll
0x00007fff6b910000 - 0x00007fff6b95a000 	C:\WINDOWS\System32\powrprof.dll
0x00007fff6b890000 - 0x00007fff6b8a0000 	C:\WINDOWS\System32\UMPDC.dll
0x00007fff6e080000 - 0x00007fff6e0d2000 	C:\WINDOWS\System32\shlwapi.dll
0x00007fff6b8f0000 - 0x00007fff6b901000 	C:\WINDOWS\System32\kernel.appcore.dll
0x00007fff6bc40000 - 0x00007fff6bc57000 	C:\WINDOWS\System32\cryptsp.dll
0x00007fff5f070000 - 0x00007fff5f08a000 	C:\Program Files\Android\Android Studio\jre\jre\bin\net.dll
0x00007fff6b0f0000 - 0x00007fff6b157000 	C:\WINDOWS\system32\mswsock.dll
0x00007fff5f050000 - 0x00007fff5f063000 	C:\Program Files\Android\Android Studio\jre\jre\bin\nio.dll
0x00007fff584f0000 - 0x00007fff58516000 	C:\Users\Bismillah\.gradle\wrapper\dists\gradle-6.1.1-all\native\31\windows-amd64\native-platform.dll
0x00007fff64990000 - 0x00007fff6499d000 	C:\Program Files\Android\Android Studio\jre\jre\bin\management.dll
0x00007fff6ac60000 - 0x00007fff6ac93000 	C:\WINDOWS\system32\rsaenh.dll
0x00007fff6b960000 - 0x00007fff6b986000 	C:\WINDOWS\System32\bcrypt.dll
0x00007fff6b7b0000 - 0x00007fff6b7d5000 	C:\WINDOWS\SYSTEM32\USERENV.dll
0x00007fff6b2c0000 - 0x00007fff6b2cc000 	C:\WINDOWS\SYSTEM32\CRYPTBASE.dll
0x00007fff6ae00000 - 0x00007fff6ae3a000 	C:\WINDOWS\SYSTEM32\IPHLPAPI.DLL
0x00007fff6e190000 - 0x00007fff6e198000 	C:\WINDOWS\System32\NSI.dll
0x00007fff64e40000 - 0x00007fff64e56000 	C:\WINDOWS\SYSTEM32\dhcpcsvc6.DLL
0x00007fff65740000 - 0x00007fff6575c000 	C:\WINDOWS\SYSTEM32\dhcpcsvc.DLL
0x00007fff6ae40000 - 0x00007fff6af0b000 	C:\WINDOWS\SYSTEM32\DNSAPI.dll

VM Arguments:
jvm_args: -Xmx1536m -Dfile.encoding=windows-1252 -Duser.country=ID -Duser.language=en -Duser.variant 
java_command: org.gradle.launcher.daemon.bootstrap.GradleDaemon 6.1.1
java_class_path (initial): C:\Users\Bismillah\.gradle\wrapper\dists\gradle-6.1.1-all\wrapper\dists\gradle-6.1.1-all\cfmwm155h49vnt3hynmlrsdst\gradle-6.1.1\lib\gradle-launcher-6.1.1.jar
Launcher Type: SUN_STANDARD

Environment Variables:
PATH=C:\Program Files (x86)\Common Files\Oracle\Java\javapath;C:\Program Files (x86)\Common Files\Intel\Shared Libraries\redist\intel64\compiler;C:\WINDOWS\system32;C:\WINDOWS;C:\WINDOWS\System32\Wbem;C:\WINDOWS\System32\WindowsPowerShell\v1.0\;"C:\WINDOWS\System32\OpenSSH\;";C:\Program Files\Java\jdk1.8.0_261\bin;C:\Users\Bismillah\AppData\Local\Microsoft\WindowsApps;;C:\Users\Bismillah\AppData\Local\Programs\Microsoft VS Code\bin
USERNAME=Bismillah
OS=Windows_NT
PROCESSOR_IDENTIFIER=Intel64 Family 6 Model 142 Stepping 9, GenuineIntel



---------------  S Y S T E M  ---------------

OS: Windows 10.0 , 64 bit Build 18362 (10.0.18362.959)

CPU:total 4 (initial active 4) (2 cores per cpu, 2 threads per core) family 6 model 142 stepping 9, cmov, cx8, fxsr, mmx, sse, sse2, sse3, ssse3, sse4.1, sse4.2, popcnt, avx, avx2, aes, clmul, erms, 3dnowpref, lzcnt, ht, tsc, tscinvbit, bmi1, bmi2, adx

Memory: 4k page, physical 4059364k(335368k free), swap 8253668k(14896k free)

vm_info: OpenJDK 64-Bit Server VM (25.242-b01) for windows-amd64 JRE (1.8.0_242-release-1644-b01), built by "builder" with MS VC++ 10.0 (VS2010)

time: Mon Sep 07 21:59:22 2020
timezone: SE Asia Standard Time
elapsed time: 5647 seconds (0d 1h 34m 7s)

